\BOOKMARK [0][-]{chapter.1}{Introduction}{}% 1
\BOOKMARK [1][-]{section.1.1}{Motivation}{chapter.1}% 2
\BOOKMARK [1][-]{section.1.2}{Goal}{chapter.1}% 3
\BOOKMARK [1][-]{section.1.3}{Related Work}{chapter.1}% 4
\BOOKMARK [1][-]{section.1.4}{Overview}{chapter.1}% 5
\BOOKMARK [0][-]{chapter.2}{Feature Extraction}{}% 6
\BOOKMARK [1][-]{section.2.1}{Convolution Neural Network}{chapter.2}% 7
\BOOKMARK [1][-]{section.2.2}{Viewpoint Feature Histogram}{chapter.2}% 8
\BOOKMARK [0][-]{chapter.3}{Learning Algorithm}{}% 9
\BOOKMARK [1][-]{section.3.1}{Support Vector machine}{chapter.3}% 10
\BOOKMARK [1][-]{section.3.2}{Random Forest}{chapter.3}% 11
\BOOKMARK [1][-]{section.3.3}{Gradient Boost Tree}{chapter.3}% 12
\BOOKMARK [1][-]{section.3.4}{K-Nearest Neighbor}{chapter.3}% 13
\BOOKMARK [0][-]{chapter.4}{Result Evaluation Metrics}{}% 14
\BOOKMARK [1][-]{section.4.1}{Classification Evaluation Method}{chapter.4}% 15
\BOOKMARK [1][-]{section.4.2}{Cross Validation}{chapter.4}% 16
\BOOKMARK [0][-]{chapter.5}{System Overview}{}% 17
\BOOKMARK [1][-]{section.5.1}{RoboSherlock}{chapter.5}% 18
\BOOKMARK [2][-]{subsection.5.1.1}{Memory For Robosherlock}{section.5.1}% 19
\BOOKMARK [2][-]{subsection.5.1.2}{Web based Visualization tools}{section.5.1}% 20
\BOOKMARK [1][-]{section.5.2}{Developed System's Architecture}{chapter.5}% 21
\BOOKMARK [2][-]{subsection.5.2.1}{Work Flows from extracting feature to predictive model evaluation:}{section.5.2}% 22
\BOOKMARK [2][-]{subsection.5.2.2}{Classifier Annotator}{section.5.2}% 23
\BOOKMARK [2][-]{subsection.5.2.3}{Flow chart to describe robosherlock pipeline and query to the database}{section.5.2}% 24
\BOOKMARK [2][-]{subsection.5.2.4}{Libraries for Algorithms Implementations}{section.5.2}% 25
\BOOKMARK [2][-]{subsection.5.2.5}{UIMA}{section.5.2}% 26
\BOOKMARK [2][-]{subsection.5.2.6}{Practical Implementation of the Algorithms}{section.5.2}% 27
\BOOKMARK [2][-]{subsection.5.2.7}{ROS}{section.5.2}% 28
\BOOKMARK [2][-]{subsection.5.2.8}{OpenCV}{section.5.2}% 29
\BOOKMARK [2][-]{subsection.5.2.9}{PCL}{section.5.2}% 30
\BOOKMARK [2][-]{subsection.5.2.10}{Caffe}{section.5.2}% 31
\BOOKMARK [0][-]{chapter.6}{Experiments and Evaluations}{}% 32
\BOOKMARK [1][-]{section.6.1}{Data Acquisition}{chapter.6}% 33
\BOOKMARK [1][-]{section.6.2}{Test procedure}{chapter.6}% 34
\BOOKMARK [1][-]{section.6.3}{Test}{chapter.6}% 35
\BOOKMARK [2][-]{subsection.6.3.1}{Supervised Results}{section.6.3}% 36
\BOOKMARK [2][-]{subsection.6.3.2}{Semi-supervised Results}{section.6.3}% 37
\BOOKMARK [0][-]{chapter.7}{Conclusion}{}% 38
\BOOKMARK [0][-]{appendix.A}{Appendix}{}% 39
\BOOKMARK [1][-]{section.A.1}{Extracting Feature Module}{appendix.A}% 40
\BOOKMARK [1][-]{section.A.2}{Classifier Trainer Module}{appendix.A}% 41
\BOOKMARK [1][-]{section.A.3}{Image Classifier Module}{appendix.A}% 42
\BOOKMARK [0][-]{appendix.B}{List of Figures}{}% 43
\BOOKMARK [0][-]{appendix.C}{List of Tables}{}% 44
\BOOKMARK [0][-]{appendix.D}{Bibliography}{}% 45
