\BOOKMARK [0][-]{chapter.1}{Anleitung zu dieser Vorlage}{}% 1
\BOOKMARK [1][-]{section.1.1}{Einleitung}{chapter.1}% 2
\BOOKMARK [1][-]{section.1.2}{LaTeX-Installation}{chapter.1}% 3
\BOOKMARK [1][-]{section.1.3}{Installation des WinEdt-Editors}{chapter.1}% 4
\BOOKMARK [1][-]{section.1.4}{Erstellen \(Kompilieren\) von Dokumenten}{chapter.1}% 5
\BOOKMARK [0][-]{chapter.2}{Kapitel\374berschrift}{}% 6
\BOOKMARK [1][-]{section.2.1}{Abschnitts\374berschrift}{chapter.2}% 7
\BOOKMARK [2][-]{subsection.2.1.1}{Unterabschnitt}{section.2.1}% 8
\BOOKMARK [0][-]{chapter.3}{Grundlegende Befehle}{}% 9
\BOOKMARK [1][-]{section.3.1}{Formatierung}{chapter.3}% 10
\BOOKMARK [1][-]{section.3.2}{Aufz\344hlungen}{chapter.3}% 11
\BOOKMARK [1][-]{section.3.3}{Bilder}{chapter.3}% 12
\BOOKMARK [2][-]{subsection.3.3.1}{Beispiel}{section.3.3}% 13
\BOOKMARK [1][-]{section.3.4}{Formeln}{chapter.3}% 14
\BOOKMARK [1][-]{section.3.5}{Tabellen}{chapter.3}% 15
\BOOKMARK [1][-]{section.3.6}{Zitieren und Literaturverzeichnis}{chapter.3}% 16
\BOOKMARK [2][-]{subsection.3.6.1}{Kompilieren mit Literaturverweisen}{section.3.6}% 17
\BOOKMARK [0][-]{appendix.A}{Anhang}{}% 18
\BOOKMARK [0][-]{appendix.B}{Abbildungsverzeichnis}{}% 19
\BOOKMARK [0][-]{appendix.C}{Tabellenverzeichnis}{}% 20
