\BOOKMARK [0][-]{chapter.1}{Introduction}{}% 1
\BOOKMARK [1][-]{section.1.1}{Motivation}{chapter.1}% 2
\BOOKMARK [1][-]{section.1.2}{Goal}{chapter.1}% 3
\BOOKMARK [1][-]{section.1.3}{Related Work}{chapter.1}% 4
\BOOKMARK [1][-]{section.1.4}{Overview}{chapter.1}% 5
\BOOKMARK [0][-]{chapter.2}{Feature Extraction Algorithm}{}% 6
\BOOKMARK [1][-]{section.2.1}{descriptor}{chapter.2}% 7
\BOOKMARK [2][-]{subsection.2.1.1}{Viewpoint Feature Histogram}{section.2.1}% 8
\BOOKMARK [1][-]{section.2.2}{Theoretical Background}{chapter.2}% 9
\BOOKMARK [1][-]{section.2.3}{shape based object recognition}{chapter.2}% 10
\BOOKMARK [1][-]{section.2.4}{Feature}{chapter.2}% 11
\BOOKMARK [2][-]{subsection.2.4.1}{Convolution Neural Network}{section.2.4}% 12
\BOOKMARK [2][-]{subsection.2.4.2}{Visual geometric group}{section.2.4}% 13
\BOOKMARK [0][-]{chapter.3}{Learning Algorithm}{}% 14
\BOOKMARK [1][-]{section.3.1}{Support Vector machine}{chapter.3}% 15
\BOOKMARK [1][-]{section.3.2}{Random Forest}{chapter.3}% 16
\BOOKMARK [1][-]{section.3.3}{Gradient Boost Tree}{chapter.3}% 17
\BOOKMARK [1][-]{section.3.4}{K-Nearest Neighbor}{chapter.3}% 18
\BOOKMARK [0][-]{chapter.4}{Dataset and Evaluation Method}{}% 19
\BOOKMARK [1][-]{section.4.1}{Result Evaluation Terms}{chapter.4}% 20
\BOOKMARK [2][-]{subsection.4.1.1}{Classification evaluation method}{section.4.1}% 21
\BOOKMARK [2][-]{subsection.4.1.2}{Cross Validation}{section.4.1}% 22
\BOOKMARK [0][-]{chapter.5}{System Overview}{}% 23
\BOOKMARK [1][-]{section.5.1}{RoboSherlock}{chapter.5}% 24
\BOOKMARK [2][-]{subsection.5.1.1}{Memory For Robosherlock}{section.5.1}% 25
\BOOKMARK [2][-]{subsection.5.1.2}{Web based Visualization tools}{section.5.1}% 26
\BOOKMARK [1][-]{section.5.2}{Developed System's Architecture}{chapter.5}% 27
\BOOKMARK [2][-]{subsection.5.2.1}{Classifier Annotator}{section.5.2}% 28
\BOOKMARK [0][-]{chapter.6}{Implementation}{}% 29
\BOOKMARK [1][-]{section.6.1}{Libraries for Algorithms Implementations}{chapter.6}% 30
\BOOKMARK [1][-]{section.6.2}{UIMA}{chapter.6}% 31
\BOOKMARK [1][-]{section.6.3}{ROS}{chapter.6}% 32
\BOOKMARK [1][-]{section.6.4}{OpenCV}{chapter.6}% 33
\BOOKMARK [1][-]{section.6.5}{PCL}{chapter.6}% 34
\BOOKMARK [1][-]{section.6.6}{RoboSherlock}{chapter.6}% 35
\BOOKMARK [1][-]{section.6.7}{Dataset}{chapter.6}% 36
\BOOKMARK [1][-]{section.6.8}{perception Framework}{chapter.6}% 37
\BOOKMARK [1][-]{section.6.9}{Tools Usages}{chapter.6}% 38
\BOOKMARK [1][-]{section.6.10}{rrrr}{chapter.6}% 39
\BOOKMARK [1][-]{section.6.11}{Database}{chapter.6}% 40
\BOOKMARK [1][-]{section.6.12}{RoboSherlock:}{chapter.6}% 41
\BOOKMARK [1][-]{section.6.13}{Memory:}{chapter.6}% 42
\BOOKMARK [1][-]{section.6.14}{Database:}{chapter.6}% 43
\BOOKMARK [1][-]{section.6.15}{dataset:}{chapter.6}% 44
\BOOKMARK [1][-]{section.6.16}{Implemented Tools}{chapter.6}% 45
\BOOKMARK [1][-]{section.6.17}{Feature Extractor Tool}{chapter.6}% 46
\BOOKMARK [1][-]{section.6.18}{Classifier Trainer Tool}{chapter.6}% 47
\BOOKMARK [1][-]{section.6.19}{Classifier Evaluator tool}{chapter.6}% 48
\BOOKMARK [0][-]{chapter.7}{Experiments and Evaluations}{}% 49
\BOOKMARK [1][-]{section.7.1}{Data Acquisition}{chapter.7}% 50
\BOOKMARK [1][-]{section.7.2}{Test procedure}{chapter.7}% 51
\BOOKMARK [1][-]{section.7.3}{Test}{chapter.7}% 52
\BOOKMARK [2][-]{subsection.7.3.1}{Supervised Results}{section.7.3}% 53
\BOOKMARK [2][-]{subsection.7.3.2}{Semi-supervised Results}{section.7.3}% 54
\BOOKMARK [0][-]{chapter.8}{Conclusion}{}% 55
\BOOKMARK [0][-]{appendix.A}{Anhang}{}% 56
\BOOKMARK [0][-]{appendix.B}{List of Figures}{}% 57
\BOOKMARK [0][-]{appendix.C}{List of Tables}{}% 58
\BOOKMARK [0][-]{appendix.D}{Bibliography}{}% 59
